{"C:\\Users\\Atharva\\OneDrive\\Desktop\\assignments\\server.js": {"path":"C:\\Users\\Atharva\\OneDrive\\Desktop\\assignments\\server.js","statementMap":{"0":{"start":{"line":1,"column":16},"end":{"line":1,"column":34}},"1":{"start":{"line":2,"column":17},"end":{"line":2,"column":36}},"2":{"start":{"line":3,"column":21},"end":{"line":3,"column":45}},"3":{"start":{"line":4,"column":19},"end":{"line":4,"column":43}},"4":{"start":{"line":5,"column":19},"end":{"line":5,"column":44}},"5":{"start":{"line":6,"column":25},"end":{"line":6,"column":56}},"6":{"start":{"line":7,"column":15},"end":{"line":7,"column":41}},"7":{"start":{"line":9,"column":12},"end":{"line":9,"column":21}},"8":{"start":{"line":10,"column":13},"end":{"line":10,"column":37}},"9":{"start":{"line":11,"column":18},"end":{"line":11,"column":42}},"10":{"start":{"line":13,"column":0},"end":{"line":13,"column":28}},"11":{"start":{"line":15,"column":0},"end":{"line":15,"column":24}},"12":{"start":{"line":16,"column":0},"end":{"line":16,"column":24}},"13":{"start":{"line":18,"column":0},"end":{"line":18,"column":33}},"14":{"start":{"line":19,"column":0},"end":{"line":19,"column":34}},"15":{"start":{"line":20,"column":0},"end":{"line":20,"column":47}},"16":{"start":{"line":22,"column":0},"end":{"line":26,"column":1}},"17":{"start":{"line":23,"column":2},"end":{"line":25,"column":5}},"18":{"start":{"line":24,"column":4},"end":{"line":24,"column":53}},"19":{"start":{"line":28,"column":0},"end":{"line":28,"column":21}}},"fnMap":{"0":{"name":"(anonymous_0)","decl":{"start":{"line":23,"column":19},"end":{"line":23,"column":20}},"loc":{"start":{"line":23,"column":25},"end":{"line":25,"column":3}},"line":23}},"branchMap":{"0":{"loc":{"start":{"line":10,"column":13},"end":{"line":10,"column":37}},"type":"binary-expr","locations":[{"start":{"line":10,"column":13},"end":{"line":10,"column":29}},{"start":{"line":10,"column":33},"end":{"line":10,"column":37}}],"line":10},"1":{"loc":{"start":{"line":22,"column":0},"end":{"line":26,"column":1}},"type":"if","locations":[{"start":{"line":22,"column":0},"end":{"line":26,"column":1}},{"start":{},"end":{}}],"line":22}},"s":{"0":2,"1":2,"2":2,"3":2,"4":2,"5":2,"6":2,"7":2,"8":2,"9":2,"10":2,"11":2,"12":2,"13":2,"14":2,"15":2,"16":2,"17":0,"18":0,"19":2},"f":{"0":0},"b":{"0":[2,0],"1":[0,2]},"_coverageSchema":"1a1c01bbd47fc00a2c39e90264f33305004495a9","hash":"e9505bcf6b9fdc68de3221be90b5a1cd3b79a326"}
,"C:\\Users\\Atharva\\OneDrive\\Desktop\\assignments\\middleware\\auth.js": {"path":"C:\\Users\\Atharva\\OneDrive\\Desktop\\assignments\\middleware\\auth.js","statementMap":{"0":{"start":{"line":1,"column":12},"end":{"line":1,"column":35}},"1":{"start":{"line":2,"column":13},"end":{"line":2,"column":39}},"2":{"start":{"line":3,"column":19},"end":{"line":3,"column":55}},"3":{"start":{"line":5,"column":23},"end":{"line":20,"column":1}},"4":{"start":{"line":6,"column":21},"end":{"line":6,"column":46}},"5":{"start":{"line":7,"column":2},"end":{"line":9,"column":3}},"6":{"start":{"line":8,"column":4},"end":{"line":8,"column":61}},"7":{"start":{"line":11,"column":16},"end":{"line":11,"column":40}},"8":{"start":{"line":12,"column":2},"end":{"line":19,"column":3}},"9":{"start":{"line":13,"column":20},"end":{"line":13,"column":49}},"10":{"start":{"line":14,"column":4},"end":{"line":14,"column":47}},"11":{"start":{"line":15,"column":4},"end":{"line":15,"column":11}},"12":{"start":{"line":17,"column":4},"end":{"line":17,"column":25}},"13":{"start":{"line":18,"column":4},"end":{"line":18,"column":76}},"14":{"start":{"line":22,"column":0},"end":{"line":22,"column":36}}},"fnMap":{"0":{"name":"(anonymous_0)","decl":{"start":{"line":5,"column":23},"end":{"line":5,"column":24}},"loc":{"start":{"line":5,"column":49},"end":{"line":20,"column":1}},"line":5}},"branchMap":{"0":{"loc":{"start":{"line":3,"column":19},"end":{"line":3,"column":55}},"type":"binary-expr","locations":[{"start":{"line":3,"column":19},"end":{"line":3,"column":41}},{"start":{"line":3,"column":45},"end":{"line":3,"column":55}}],"line":3},"1":{"loc":{"start":{"line":7,"column":2},"end":{"line":9,"column":3}},"type":"if","locations":[{"start":{"line":7,"column":2},"end":{"line":9,"column":3}},{"start":{},"end":{}}],"line":7},"2":{"loc":{"start":{"line":7,"column":6},"end":{"line":7,"column":54}},"type":"binary-expr","locations":[{"start":{"line":7,"column":6},"end":{"line":7,"column":17}},{"start":{"line":7,"column":21},"end":{"line":7,"column":54}}],"line":7}},"s":{"0":2,"1":2,"2":2,"3":2,"4":3,"5":3,"6":0,"7":3,"8":3,"9":3,"10":3,"11":3,"12":0,"13":0,"14":2},"f":{"0":3},"b":{"0":[2,2],"1":[0,3],"2":[3,3]},"_coverageSchema":"1a1c01bbd47fc00a2c39e90264f33305004495a9","hash":"f3b9a170f6c450b168791e5105711a761e895cfe"}
,"C:\\Users\\Atharva\\OneDrive\\Desktop\\assignments\\models\\JobListing.js": {"path":"C:\\Users\\Atharva\\OneDrive\\Desktop\\assignments\\models\\JobListing.js","statementMap":{"0":{"start":{"line":1,"column":16},"end":{"line":1,"column":36}},"1":{"start":{"line":2,"column":12},"end":{"line":2,"column":32}},"2":{"start":{"line":3,"column":17},"end":{"line":3,"column":36}},"3":{"start":{"line":4,"column":13},"end":{"line":4,"column":39}},"4":{"start":{"line":6,"column":0},"end":{"line":79,"column":3}},"5":{"start":{"line":11,"column":2},"end":{"line":24,"column":5}},"6":{"start":{"line":12,"column":4},"end":{"line":12,"column":30}},"7":{"start":{"line":13,"column":4},"end":{"line":16,"column":7}},"8":{"start":{"line":17,"column":17},"end":{"line":21,"column":6}},"9":{"start":{"line":22,"column":4},"end":{"line":22,"column":28}},"10":{"start":{"line":23,"column":4},"end":{"line":23,"column":32}},"11":{"start":{"line":26,"column":2},"end":{"line":30,"column":5}},"12":{"start":{"line":27,"column":4},"end":{"line":27,"column":30}},"13":{"start":{"line":28,"column":4},"end":{"line":28,"column":38}},"14":{"start":{"line":29,"column":4},"end":{"line":29,"column":19}},"15":{"start":{"line":32,"column":2},"end":{"line":38,"column":5}},"16":{"start":{"line":33,"column":16},"end":{"line":35,"column":46}},"17":{"start":{"line":36,"column":4},"end":{"line":36,"column":40}},"18":{"start":{"line":37,"column":4},"end":{"line":37,"column":47}},"19":{"start":{"line":40,"column":2},"end":{"line":46,"column":5}},"20":{"start":{"line":41,"column":16},"end":{"line":43,"column":46}},"21":{"start":{"line":44,"column":4},"end":{"line":44,"column":40}},"22":{"start":{"line":45,"column":4},"end":{"line":45,"column":43}},"23":{"start":{"line":48,"column":2},"end":{"line":59,"column":5}},"24":{"start":{"line":49,"column":16},"end":{"line":56,"column":8}},"25":{"start":{"line":57,"column":4},"end":{"line":57,"column":40}},"26":{"start":{"line":58,"column":4},"end":{"line":58,"column":56}},"27":{"start":{"line":61,"column":2},"end":{"line":70,"column":5}},"28":{"start":{"line":62,"column":16},"end":{"line":67,"column":8}},"29":{"start":{"line":68,"column":4},"end":{"line":68,"column":40}},"30":{"start":{"line":69,"column":4},"end":{"line":69,"column":60}},"31":{"start":{"line":72,"column":2},"end":{"line":78,"column":5}},"32":{"start":{"line":73,"column":16},"end":{"line":75,"column":46}},"33":{"start":{"line":76,"column":4},"end":{"line":76,"column":40}},"34":{"start":{"line":77,"column":4},"end":{"line":77,"column":60}}},"fnMap":{"0":{"name":"(anonymous_0)","decl":{"start":{"line":6,"column":32},"end":{"line":6,"column":33}},"loc":{"start":{"line":6,"column":38},"end":{"line":79,"column":1}},"line":6},"1":{"name":"(anonymous_1)","decl":{"start":{"line":11,"column":12},"end":{"line":11,"column":13}},"loc":{"start":{"line":11,"column":24},"end":{"line":24,"column":3}},"line":11},"2":{"name":"(anonymous_2)","decl":{"start":{"line":26,"column":11},"end":{"line":26,"column":12}},"loc":{"start":{"line":26,"column":23},"end":{"line":30,"column":3}},"line":26},"3":{"name":"(anonymous_3)","decl":{"start":{"line":32,"column":41},"end":{"line":32,"column":42}},"loc":{"start":{"line":32,"column":53},"end":{"line":38,"column":3}},"line":32},"4":{"name":"(anonymous_4)","decl":{"start":{"line":40,"column":44},"end":{"line":40,"column":45}},"loc":{"start":{"line":40,"column":56},"end":{"line":46,"column":3}},"line":40},"5":{"name":"(anonymous_5)","decl":{"start":{"line":48,"column":40},"end":{"line":48,"column":41}},"loc":{"start":{"line":48,"column":52},"end":{"line":59,"column":3}},"line":48},"6":{"name":"(anonymous_6)","decl":{"start":{"line":61,"column":36},"end":{"line":61,"column":37}},"loc":{"start":{"line":61,"column":48},"end":{"line":70,"column":3}},"line":61},"7":{"name":"(anonymous_7)","decl":{"start":{"line":72,"column":36},"end":{"line":72,"column":37}},"loc":{"start":{"line":72,"column":48},"end":{"line":78,"column":3}},"line":72}},"branchMap":{},"s":{"0":2,"1":2,"2":2,"3":2,"4":2,"5":2,"6":2,"7":0,"8":0,"9":0,"10":0,"11":2,"12":2,"13":2,"14":2,"15":2,"16":0,"17":0,"18":0,"19":2,"20":0,"21":0,"22":0,"23":2,"24":0,"25":0,"26":0,"27":2,"28":0,"29":0,"30":0,"31":2,"32":0,"33":0,"34":0},"f":{"0":2,"1":2,"2":2,"3":0,"4":0,"5":0,"6":0,"7":0},"b":{},"_coverageSchema":"1a1c01bbd47fc00a2c39e90264f33305004495a9","hash":"54c58212e97bc5af73eeda3c79a0d1490bfd814c"}
,"C:\\Users\\Atharva\\OneDrive\\Desktop\\assignments\\models\\Users.js": {"path":"C:\\Users\\Atharva\\OneDrive\\Desktop\\assignments\\models\\Users.js","statementMap":{"0":{"start":{"line":1,"column":17},"end":{"line":1,"column":36}},"1":{"start":{"line":2,"column":15},"end":{"line":2,"column":32}},"2":{"start":{"line":4,"column":19},"end":{"line":10,"column":2}},"3":{"start":{"line":13,"column":0},"end":{"line":15,"column":2}},"4":{"start":{"line":14,"column":2},"end":{"line":14,"column":64}},"5":{"start":{"line":18,"column":0},"end":{"line":24,"column":3}},"6":{"start":{"line":19,"column":2},"end":{"line":21,"column":3}},"7":{"start":{"line":20,"column":4},"end":{"line":20,"column":18}},"8":{"start":{"line":22,"column":2},"end":{"line":22,"column":55}},"9":{"start":{"line":23,"column":2},"end":{"line":23,"column":9}},"10":{"start":{"line":26,"column":0},"end":{"line":26,"column":52}}},"fnMap":{"0":{"name":"(anonymous_0)","decl":{"start":{"line":13,"column":37},"end":{"line":13,"column":38}},"loc":{"start":{"line":13,"column":72},"end":{"line":15,"column":1}},"line":13},"1":{"name":"(anonymous_1)","decl":{"start":{"line":18,"column":23},"end":{"line":18,"column":24}},"loc":{"start":{"line":18,"column":45},"end":{"line":24,"column":1}},"line":18}},"branchMap":{"0":{"loc":{"start":{"line":19,"column":2},"end":{"line":21,"column":3}},"type":"if","locations":[{"start":{"line":19,"column":2},"end":{"line":21,"column":3}},{"start":{},"end":{}}],"line":19}},"s":{"0":2,"1":2,"2":2,"3":2,"4":0,"5":2,"6":2,"7":0,"8":2,"9":2,"10":2},"f":{"0":0,"1":2},"b":{"0":[0,2]},"_coverageSchema":"1a1c01bbd47fc00a2c39e90264f33305004495a9","hash":"6f1ac1b41fd2c2c4914b4cbe92d7e8dca696f221"}
,"C:\\Users\\Atharva\\OneDrive\\Desktop\\assignments\\routes\\auth.js": {"path":"C:\\Users\\Atharva\\OneDrive\\Desktop\\assignments\\routes\\auth.js","statementMap":{"0":{"start":{"line":1,"column":16},"end":{"line":1,"column":34}},"1":{"start":{"line":2,"column":15},"end":{"line":2,"column":32}},"2":{"start":{"line":3,"column":12},"end":{"line":3,"column":35}},"3":{"start":{"line":4,"column":13},"end":{"line":4,"column":39}},"4":{"start":{"line":6,"column":15},"end":{"line":6,"column":31}},"5":{"start":{"line":7,"column":19},"end":{"line":7,"column":55}},"6":{"start":{"line":10,"column":22},"end":{"line":14,"column":1}},"7":{"start":{"line":11,"column":2},"end":{"line":13,"column":5}},"8":{"start":{"line":17,"column":0},"end":{"line":47,"column":3}},"9":{"start":{"line":18,"column":2},"end":{"line":46,"column":3}},"10":{"start":{"line":19,"column":50},"end":{"line":19,"column":58}},"11":{"start":{"line":22,"column":4},"end":{"line":26,"column":5}},"12":{"start":{"line":23,"column":6},"end":{"line":25,"column":69}},"13":{"start":{"line":29,"column":25},"end":{"line":29,"column":54}},"14":{"start":{"line":30,"column":4},"end":{"line":32,"column":5}},"15":{"start":{"line":31,"column":6},"end":{"line":31,"column":70}},"16":{"start":{"line":35,"column":17},"end":{"line":35,"column":64}},"17":{"start":{"line":36,"column":4},"end":{"line":36,"column":22}},"18":{"start":{"line":39,"column":18},"end":{"line":39,"column":37}},"19":{"start":{"line":42,"column":4},"end":{"line":42,"column":54}},"20":{"start":{"line":43,"column":4},"end":{"line":43,"column":42}},"21":{"start":{"line":45,"column":4},"end":{"line":45,"column":53}},"22":{"start":{"line":50,"column":0},"end":{"line":76,"column":3}},"23":{"start":{"line":51,"column":2},"end":{"line":75,"column":3}},"24":{"start":{"line":52,"column":32},"end":{"line":52,"column":40}},"25":{"start":{"line":55,"column":4},"end":{"line":59,"column":5}},"26":{"start":{"line":56,"column":6},"end":{"line":58,"column":62}},"27":{"start":{"line":62,"column":17},"end":{"line":62,"column":46}},"28":{"start":{"line":63,"column":4},"end":{"line":65,"column":5}},"29":{"start":{"line":64,"column":6},"end":{"line":64,"column":76}},"30":{"start":{"line":68,"column":18},"end":{"line":68,"column":37}},"31":{"start":{"line":71,"column":4},"end":{"line":71,"column":54}},"32":{"start":{"line":72,"column":4},"end":{"line":72,"column":30}},"33":{"start":{"line":74,"column":4},"end":{"line":74,"column":53}},"34":{"start":{"line":78,"column":0},"end":{"line":78,"column":24}}},"fnMap":{"0":{"name":"(anonymous_0)","decl":{"start":{"line":10,"column":22},"end":{"line":10,"column":23}},"loc":{"start":{"line":10,"column":32},"end":{"line":14,"column":1}},"line":10},"1":{"name":"(anonymous_1)","decl":{"start":{"line":17,"column":23},"end":{"line":17,"column":24}},"loc":{"start":{"line":17,"column":43},"end":{"line":47,"column":1}},"line":17},"2":{"name":"(anonymous_2)","decl":{"start":{"line":50,"column":23},"end":{"line":50,"column":24}},"loc":{"start":{"line":50,"column":43},"end":{"line":76,"column":1}},"line":50}},"branchMap":{"0":{"loc":{"start":{"line":7,"column":19},"end":{"line":7,"column":55}},"type":"binary-expr","locations":[{"start":{"line":7,"column":19},"end":{"line":7,"column":41}},{"start":{"line":7,"column":45},"end":{"line":7,"column":55}}],"line":7},"1":{"loc":{"start":{"line":22,"column":4},"end":{"line":26,"column":5}},"type":"if","locations":[{"start":{"line":22,"column":4},"end":{"line":26,"column":5}},{"start":{},"end":{}}],"line":22},"2":{"loc":{"start":{"line":22,"column":8},"end":{"line":22,"column":36}},"type":"binary-expr","locations":[{"start":{"line":22,"column":8},"end":{"line":22,"column":13}},{"start":{"line":22,"column":17},"end":{"line":22,"column":23}},{"start":{"line":22,"column":27},"end":{"line":22,"column":36}}],"line":22},"3":{"loc":{"start":{"line":30,"column":4},"end":{"line":32,"column":5}},"type":"if","locations":[{"start":{"line":30,"column":4},"end":{"line":32,"column":5}},{"start":{},"end":{}}],"line":30},"4":{"loc":{"start":{"line":55,"column":4},"end":{"line":59,"column":5}},"type":"if","locations":[{"start":{"line":55,"column":4},"end":{"line":59,"column":5}},{"start":{},"end":{}}],"line":55},"5":{"loc":{"start":{"line":55,"column":8},"end":{"line":55,"column":27}},"type":"binary-expr","locations":[{"start":{"line":55,"column":8},"end":{"line":55,"column":14}},{"start":{"line":55,"column":18},"end":{"line":55,"column":27}}],"line":55},"6":{"loc":{"start":{"line":63,"column":4},"end":{"line":65,"column":5}},"type":"if","locations":[{"start":{"line":63,"column":4},"end":{"line":65,"column":5}},{"start":{},"end":{}}],"line":63},"7":{"loc":{"start":{"line":63,"column":8},"end":{"line":63,"column":56}},"type":"binary-expr","locations":[{"start":{"line":63,"column":8},"end":{"line":63,"column":13}},{"start":{"line":63,"column":17},"end":{"line":63,"column":56}}],"line":63}},"s":{"0":2,"1":2,"2":2,"3":2,"4":2,"5":2,"6":2,"7":1,"8":2,"9":2,"10":2,"11":2,"12":0,"13":2,"14":2,"15":0,"16":2,"17":2,"18":1,"19":1,"20":1,"21":1,"22":2,"23":0,"24":0,"25":0,"26":0,"27":0,"28":0,"29":0,"30":0,"31":0,"32":0,"33":0,"34":2},"f":{"0":1,"1":2,"2":0},"b":{"0":[2,2],"1":[0,2],"2":[2,2,2],"3":[0,2],"4":[0,0],"5":[0,0],"6":[0,0],"7":[0,0]},"_coverageSchema":"1a1c01bbd47fc00a2c39e90264f33305004495a9","hash":"41cc5c00fcd7bd7f1aa9b7671e19e47d1bd707f3"}
,"C:\\Users\\Atharva\\OneDrive\\Desktop\\assignments\\routes\\jobListings.js": {"path":"C:\\Users\\Atharva\\OneDrive\\Desktop\\assignments\\routes\\jobListings.js","statementMap":{"0":{"start":{"line":1,"column":16},"end":{"line":1,"column":34}},"1":{"start":{"line":2,"column":19},"end":{"line":2,"column":50}},"2":{"start":{"line":3,"column":27},"end":{"line":3,"column":56}},"3":{"start":{"line":5,"column":15},"end":{"line":5,"column":31}},"4":{"start":{"line":8,"column":0},"end":{"line":15,"column":3}},"5":{"start":{"line":9,"column":2},"end":{"line":14,"column":3}},"6":{"start":{"line":10,"column":24},"end":{"line":10,"column":47}},"7":{"start":{"line":11,"column":4},"end":{"line":11,"column":26}},"8":{"start":{"line":13,"column":4},"end":{"line":13,"column":53}},"9":{"start":{"line":17,"column":0},"end":{"line":27,"column":3}},"10":{"start":{"line":18,"column":2},"end":{"line":26,"column":3}},"11":{"start":{"line":19,"column":23},"end":{"line":19,"column":63}},"12":{"start":{"line":20,"column":4},"end":{"line":22,"column":5}},"13":{"start":{"line":21,"column":6},"end":{"line":21,"column":72}},"14":{"start":{"line":23,"column":4},"end":{"line":23,"column":25}},"15":{"start":{"line":25,"column":4},"end":{"line":25,"column":53}},"16":{"start":{"line":29,"column":0},"end":{"line":37,"column":3}},"17":{"start":{"line":30,"column":2},"end":{"line":36,"column":3}},"18":{"start":{"line":31,"column":23},"end":{"line":31,"column":47}},"19":{"start":{"line":32,"column":4},"end":{"line":32,"column":28}},"20":{"start":{"line":33,"column":4},"end":{"line":33,"column":37}},"21":{"start":{"line":35,"column":4},"end":{"line":35,"column":53}},"22":{"start":{"line":39,"column":0},"end":{"line":53,"column":3}},"23":{"start":{"line":40,"column":2},"end":{"line":52,"column":3}},"24":{"start":{"line":41,"column":23},"end":{"line":45,"column":5}},"25":{"start":{"line":46,"column":4},"end":{"line":48,"column":5}},"26":{"start":{"line":47,"column":6},"end":{"line":47,"column":72}},"27":{"start":{"line":49,"column":4},"end":{"line":49,"column":25}},"28":{"start":{"line":51,"column":4},"end":{"line":51,"column":53}},"29":{"start":{"line":55,"column":0},"end":{"line":65,"column":3}},"30":{"start":{"line":56,"column":2},"end":{"line":64,"column":3}},"31":{"start":{"line":57,"column":23},"end":{"line":57,"column":72}},"32":{"start":{"line":58,"column":4},"end":{"line":60,"column":5}},"33":{"start":{"line":59,"column":6},"end":{"line":59,"column":72}},"34":{"start":{"line":61,"column":4},"end":{"line":61,"column":49}},"35":{"start":{"line":63,"column":4},"end":{"line":63,"column":53}},"36":{"start":{"line":68,"column":0},"end":{"line":80,"column":3}},"37":{"start":{"line":69,"column":2},"end":{"line":79,"column":3}},"38":{"start":{"line":70,"column":23},"end":{"line":70,"column":63}},"39":{"start":{"line":71,"column":4},"end":{"line":73,"column":5}},"40":{"start":{"line":72,"column":6},"end":{"line":72,"column":72}},"41":{"start":{"line":74,"column":4},"end":{"line":74,"column":46}},"42":{"start":{"line":75,"column":4},"end":{"line":75,"column":28}},"43":{"start":{"line":76,"column":4},"end":{"line":76,"column":25}},"44":{"start":{"line":78,"column":4},"end":{"line":78,"column":53}},"45":{"start":{"line":82,"column":0},"end":{"line":82,"column":24}}},"fnMap":{"0":{"name":"(anonymous_0)","decl":{"start":{"line":8,"column":16},"end":{"line":8,"column":17}},"loc":{"start":{"line":8,"column":36},"end":{"line":15,"column":1}},"line":8},"1":{"name":"(anonymous_1)","decl":{"start":{"line":17,"column":35},"end":{"line":17,"column":36}},"loc":{"start":{"line":17,"column":55},"end":{"line":27,"column":1}},"line":17},"2":{"name":"(anonymous_2)","decl":{"start":{"line":29,"column":33},"end":{"line":29,"column":34}},"loc":{"start":{"line":29,"column":53},"end":{"line":37,"column":1}},"line":29},"3":{"name":"(anonymous_3)","decl":{"start":{"line":39,"column":35},"end":{"line":39,"column":36}},"loc":{"start":{"line":39,"column":55},"end":{"line":53,"column":1}},"line":39},"4":{"name":"(anonymous_4)","decl":{"start":{"line":55,"column":38},"end":{"line":55,"column":39}},"loc":{"start":{"line":55,"column":58},"end":{"line":65,"column":1}},"line":55},"5":{"name":"(anonymous_5)","decl":{"start":{"line":68,"column":42},"end":{"line":68,"column":43}},"loc":{"start":{"line":68,"column":62},"end":{"line":80,"column":1}},"line":68}},"branchMap":{"0":{"loc":{"start":{"line":20,"column":4},"end":{"line":22,"column":5}},"type":"if","locations":[{"start":{"line":20,"column":4},"end":{"line":22,"column":5}},{"start":{},"end":{}}],"line":20},"1":{"loc":{"start":{"line":46,"column":4},"end":{"line":48,"column":5}},"type":"if","locations":[{"start":{"line":46,"column":4},"end":{"line":48,"column":5}},{"start":{},"end":{}}],"line":46},"2":{"loc":{"start":{"line":58,"column":4},"end":{"line":60,"column":5}},"type":"if","locations":[{"start":{"line":58,"column":4},"end":{"line":60,"column":5}},{"start":{},"end":{}}],"line":58},"3":{"loc":{"start":{"line":71,"column":4},"end":{"line":73,"column":5}},"type":"if","locations":[{"start":{"line":71,"column":4},"end":{"line":73,"column":5}},{"start":{},"end":{}}],"line":71}},"s":{"0":2,"1":2,"2":2,"3":2,"4":2,"5":0,"6":0,"7":0,"8":0,"9":2,"10":0,"11":0,"12":0,"13":0,"14":0,"15":0,"16":2,"17":0,"18":0,"19":0,"20":0,"21":0,"22":2,"23":0,"24":0,"25":0,"26":0,"27":0,"28":0,"29":2,"30":0,"31":0,"32":0,"33":0,"34":0,"35":0,"36":2,"37":0,"38":0,"39":0,"40":0,"41":0,"42":0,"43":0,"44":0,"45":2},"f":{"0":0,"1":0,"2":0,"3":0,"4":0,"5":0},"b":{"0":[0,0],"1":[0,0],"2":[0,0],"3":[0,0]},"_coverageSchema":"1a1c01bbd47fc00a2c39e90264f33305004495a9","hash":"fe3ca983d97d8bd990d8bd87af94bcd484bd37b7"}
,"C:\\Users\\Atharva\\OneDrive\\Desktop\\assignments\\routes\\users.js": {"path":"C:\\Users\\Atharva\\OneDrive\\Desktop\\assignments\\routes\\users.js","statementMap":{"0":{"start":{"line":1,"column":16},"end":{"line":1,"column":34}},"1":{"start":{"line":2,"column":13},"end":{"line":2,"column":39}},"2":{"start":{"line":3,"column":27},"end":{"line":3,"column":56}},"3":{"start":{"line":5,"column":15},"end":{"line":5,"column":31}},"4":{"start":{"line":8,"column":0},"end":{"line":15,"column":3}},"5":{"start":{"line":9,"column":2},"end":{"line":14,"column":3}},"6":{"start":{"line":10,"column":18},"end":{"line":10,"column":55}},"7":{"start":{"line":11,"column":4},"end":{"line":11,"column":20}},"8":{"start":{"line":13,"column":4},"end":{"line":13,"column":53}},"9":{"start":{"line":18,"column":0},"end":{"line":38,"column":3}},"10":{"start":{"line":19,"column":2},"end":{"line":37,"column":3}},"11":{"start":{"line":20,"column":17},"end":{"line":20,"column":51}},"12":{"start":{"line":21,"column":4},"end":{"line":23,"column":5}},"13":{"start":{"line":22,"column":6},"end":{"line":22,"column":65}},"14":{"start":{"line":26,"column":4},"end":{"line":30,"column":5}},"15":{"start":{"line":27,"column":6},"end":{"line":29,"column":63}},"16":{"start":{"line":32,"column":4},"end":{"line":32,"column":21}},"17":{"start":{"line":33,"column":4},"end":{"line":33,"column":22}},"18":{"start":{"line":34,"column":4},"end":{"line":34,"column":19}},"19":{"start":{"line":36,"column":4},"end":{"line":36,"column":53}},"20":{"start":{"line":41,"column":0},"end":{"line":51,"column":3}},"21":{"start":{"line":42,"column":2},"end":{"line":50,"column":3}},"22":{"start":{"line":43,"column":17},"end":{"line":43,"column":51}},"23":{"start":{"line":44,"column":4},"end":{"line":46,"column":5}},"24":{"start":{"line":45,"column":6},"end":{"line":45,"column":65}},"25":{"start":{"line":47,"column":4},"end":{"line":47,"column":19}},"26":{"start":{"line":49,"column":4},"end":{"line":49,"column":53}},"27":{"start":{"line":53,"column":0},"end":{"line":61,"column":3}},"28":{"start":{"line":54,"column":2},"end":{"line":60,"column":3}},"29":{"start":{"line":55,"column":17},"end":{"line":55,"column":35}},"30":{"start":{"line":56,"column":4},"end":{"line":56,"column":22}},"31":{"start":{"line":57,"column":4},"end":{"line":57,"column":31}},"32":{"start":{"line":59,"column":4},"end":{"line":59,"column":53}},"33":{"start":{"line":63,"column":0},"end":{"line":75,"column":3}},"34":{"start":{"line":64,"column":2},"end":{"line":74,"column":3}},"35":{"start":{"line":65,"column":17},"end":{"line":67,"column":6}},"36":{"start":{"line":68,"column":4},"end":{"line":70,"column":5}},"37":{"start":{"line":69,"column":6},"end":{"line":69,"column":65}},"38":{"start":{"line":71,"column":4},"end":{"line":71,"column":19}},"39":{"start":{"line":73,"column":4},"end":{"line":73,"column":53}},"40":{"start":{"line":77,"column":0},"end":{"line":96,"column":3}},"41":{"start":{"line":78,"column":2},"end":{"line":95,"column":3}},"42":{"start":{"line":79,"column":17},"end":{"line":79,"column":51}},"43":{"start":{"line":80,"column":4},"end":{"line":82,"column":5}},"44":{"start":{"line":81,"column":6},"end":{"line":81,"column":65}},"45":{"start":{"line":85,"column":4},"end":{"line":89,"column":5}},"46":{"start":{"line":86,"column":6},"end":{"line":88,"column":73}},"47":{"start":{"line":91,"column":4},"end":{"line":91,"column":48}},"48":{"start":{"line":92,"column":4},"end":{"line":92,"column":42}},"49":{"start":{"line":94,"column":4},"end":{"line":94,"column":53}},"50":{"start":{"line":98,"column":0},"end":{"line":98,"column":24}}},"fnMap":{"0":{"name":"(anonymous_0)","decl":{"start":{"line":8,"column":16},"end":{"line":8,"column":17}},"loc":{"start":{"line":8,"column":36},"end":{"line":15,"column":1}},"line":8},"1":{"name":"(anonymous_1)","decl":{"start":{"line":18,"column":41},"end":{"line":18,"column":42}},"loc":{"start":{"line":18,"column":61},"end":{"line":38,"column":1}},"line":18},"2":{"name":"(anonymous_2)","decl":{"start":{"line":41,"column":35},"end":{"line":41,"column":36}},"loc":{"start":{"line":41,"column":55},"end":{"line":51,"column":1}},"line":41},"3":{"name":"(anonymous_3)","decl":{"start":{"line":53,"column":33},"end":{"line":53,"column":34}},"loc":{"start":{"line":53,"column":53},"end":{"line":61,"column":1}},"line":53},"4":{"name":"(anonymous_4)","decl":{"start":{"line":63,"column":35},"end":{"line":63,"column":36}},"loc":{"start":{"line":63,"column":55},"end":{"line":75,"column":1}},"line":63},"5":{"name":"(anonymous_5)","decl":{"start":{"line":77,"column":38},"end":{"line":77,"column":39}},"loc":{"start":{"line":77,"column":58},"end":{"line":96,"column":1}},"line":77}},"branchMap":{"0":{"loc":{"start":{"line":21,"column":4},"end":{"line":23,"column":5}},"type":"if","locations":[{"start":{"line":21,"column":4},"end":{"line":23,"column":5}},{"start":{},"end":{}}],"line":21},"1":{"loc":{"start":{"line":26,"column":4},"end":{"line":30,"column":5}},"type":"if","locations":[{"start":{"line":26,"column":4},"end":{"line":30,"column":5}},{"start":{},"end":{}}],"line":26},"2":{"loc":{"start":{"line":44,"column":4},"end":{"line":46,"column":5}},"type":"if","locations":[{"start":{"line":44,"column":4},"end":{"line":46,"column":5}},{"start":{},"end":{}}],"line":44},"3":{"loc":{"start":{"line":68,"column":4},"end":{"line":70,"column":5}},"type":"if","locations":[{"start":{"line":68,"column":4},"end":{"line":70,"column":5}},{"start":{},"end":{}}],"line":68},"4":{"loc":{"start":{"line":80,"column":4},"end":{"line":82,"column":5}},"type":"if","locations":[{"start":{"line":80,"column":4},"end":{"line":82,"column":5}},{"start":{},"end":{}}],"line":80},"5":{"loc":{"start":{"line":85,"column":4},"end":{"line":89,"column":5}},"type":"if","locations":[{"start":{"line":85,"column":4},"end":{"line":89,"column":5}},{"start":{},"end":{}}],"line":85}},"s":{"0":2,"1":2,"2":2,"3":2,"4":2,"5":1,"6":1,"7":1,"8":0,"9":2,"10":1,"11":1,"12":1,"13":1,"14":0,"15":0,"16":0,"17":0,"18":0,"19":0,"20":2,"21":1,"22":1,"23":1,"24":1,"25":0,"26":0,"27":2,"28":0,"29":0,"30":0,"31":0,"32":0,"33":2,"34":0,"35":0,"36":0,"37":0,"38":0,"39":0,"40":2,"41":1,"42":1,"43":1,"44":1,"45":0,"46":0,"47":0,"48":0,"49":0,"50":2},"f":{"0":1,"1":1,"2":1,"3":0,"4":0,"5":1},"b":{"0":[1,0],"1":[0,0],"2":[1,0],"3":[0,0],"4":[1,0],"5":[0,0]},"_coverageSchema":"1a1c01bbd47fc00a2c39e90264f33305004495a9","hash":"a372361c163d9c4329d36eeada082cb5082968e2"}
}
