TN:
SF:server.js
FN:23,(anonymous_0)
FNF:1
FNH:0
FNDA:0,(anonymous_0)
DA:1,2
DA:2,2
DA:3,2
DA:4,2
DA:5,2
DA:6,2
DA:7,2
DA:9,2
DA:10,2
DA:11,2
DA:13,2
DA:15,2
DA:16,2
DA:18,2
DA:19,2
DA:20,2
DA:22,2
DA:23,0
DA:24,0
DA:28,2
LF:20
LH:18
BRDA:10,0,0,2
BRDA:10,0,1,0
BRDA:22,1,0,0
BRDA:22,1,1,2
BRF:4
BRH:2
end_of_record
TN:
SF:middleware\auth.js
FN:5,(anonymous_0)
FNF:1
FNH:1
FNDA:3,(anonymous_0)
DA:1,2
DA:2,2
DA:3,2
DA:5,2
DA:6,3
DA:7,3
DA:8,0
DA:11,3
DA:12,3
DA:13,3
DA:14,3
DA:15,3
DA:17,0
DA:18,0
DA:22,2
LF:15
LH:12
BRDA:3,0,0,2
BRDA:3,0,1,2
BRDA:7,1,0,0
BRDA:7,1,1,3
BRDA:7,2,0,3
BRDA:7,2,1,3
BRF:6
BRH:5
end_of_record
TN:
SF:models\JobListing.js
FN:6,(anonymous_0)
FN:11,(anonymous_1)
FN:26,(anonymous_2)
FN:32,(anonymous_3)
FN:40,(anonymous_4)
FN:48,(anonymous_5)
FN:61,(anonymous_6)
FN:72,(anonymous_7)
FNF:8
FNH:3
FNDA:2,(anonymous_0)
FNDA:2,(anonymous_1)
FNDA:2,(anonymous_2)
FNDA:0,(anonymous_3)
FNDA:0,(anonymous_4)
FNDA:0,(anonymous_5)
FNDA:0,(anonymous_6)
FNDA:0,(anonymous_7)
DA:1,2
DA:2,2
DA:3,2
DA:4,2
DA:6,2
DA:11,2
DA:12,2
DA:13,0
DA:17,0
DA:22,0
DA:23,0
DA:26,2
DA:27,2
DA:28,2
DA:29,2
DA:32,2
DA:33,0
DA:36,0
DA:37,0
DA:40,2
DA:41,0
DA:44,0
DA:45,0
DA:48,2
DA:49,0
DA:57,0
DA:58,0
DA:61,2
DA:62,0
DA:68,0
DA:69,0
DA:72,2
DA:73,0
DA:76,0
DA:77,0
LF:35
LH:16
BRF:0
BRH:0
end_of_record
TN:
SF:models\Users.js
FN:13,(anonymous_0)
FN:18,(anonymous_1)
FNF:2
FNH:1
FNDA:0,(anonymous_0)
FNDA:2,(anonymous_1)
DA:1,2
DA:2,2
DA:4,2
DA:13,2
DA:14,0
DA:18,2
DA:19,2
DA:20,0
DA:22,2
DA:23,2
DA:26,2
LF:11
LH:9
BRDA:19,0,0,0
BRDA:19,0,1,2
BRF:2
BRH:1
end_of_record
TN:
SF:routes\auth.js
FN:10,(anonymous_0)
FN:17,(anonymous_1)
FN:50,(anonymous_2)
FNF:3
FNH:2
FNDA:1,(anonymous_0)
FNDA:2,(anonymous_1)
FNDA:0,(anonymous_2)
DA:1,2
DA:2,2
DA:3,2
DA:4,2
DA:6,2
DA:7,2
DA:10,2
DA:11,1
DA:17,2
DA:18,2
DA:19,2
DA:22,2
DA:23,0
DA:29,2
DA:30,2
DA:31,0
DA:35,2
DA:36,2
DA:39,1
DA:42,1
DA:43,1
DA:45,1
DA:50,2
DA:51,0
DA:52,0
DA:55,0
DA:56,0
DA:62,0
DA:63,0
DA:64,0
DA:68,0
DA:71,0
DA:72,0
DA:74,0
DA:78,2
LF:35
LH:22
BRDA:7,0,0,2
BRDA:7,0,1,2
BRDA:22,1,0,0
BRDA:22,1,1,2
BRDA:22,2,0,2
BRDA:22,2,1,2
BRDA:22,2,2,2
BRDA:30,3,0,0
BRDA:30,3,1,2
BRDA:55,4,0,0
BRDA:55,4,1,0
BRDA:55,5,0,0
BRDA:55,5,1,0
BRDA:63,6,0,0
BRDA:63,6,1,0
BRDA:63,7,0,0
BRDA:63,7,1,0
BRF:17
BRH:7
end_of_record
TN:
SF:routes\jobListings.js
FN:8,(anonymous_0)
FN:17,(anonymous_1)
FN:29,(anonymous_2)
FN:39,(anonymous_3)
FN:55,(anonymous_4)
FN:68,(anonymous_5)
FNF:6
FNH:0
FNDA:0,(anonymous_0)
FNDA:0,(anonymous_1)
FNDA:0,(anonymous_2)
FNDA:0,(anonymous_3)
FNDA:0,(anonymous_4)
FNDA:0,(anonymous_5)
DA:1,2
DA:2,2
DA:3,2
DA:5,2
DA:8,2
DA:9,0
DA:10,0
DA:11,0
DA:13,0
DA:17,2
DA:18,0
DA:19,0
DA:20,0
DA:21,0
DA:23,0
DA:25,0
DA:29,2
DA:30,0
DA:31,0
DA:32,0
DA:33,0
DA:35,0
DA:39,2
DA:40,0
DA:41,0
DA:46,0
DA:47,0
DA:49,0
DA:51,0
DA:55,2
DA:56,0
DA:57,0
DA:58,0
DA:59,0
DA:61,0
DA:63,0
DA:68,2
DA:69,0
DA:70,0
DA:71,0
DA:72,0
DA:74,0
DA:75,0
DA:76,0
DA:78,0
DA:82,2
LF:46
LH:11
BRDA:20,0,0,0
BRDA:20,0,1,0
BRDA:46,1,0,0
BRDA:46,1,1,0
BRDA:58,2,0,0
BRDA:58,2,1,0
BRDA:71,3,0,0
BRDA:71,3,1,0
BRF:8
BRH:0
end_of_record
TN:
SF:routes\users.js
FN:8,(anonymous_0)
FN:18,(anonymous_1)
FN:41,(anonymous_2)
FN:53,(anonymous_3)
FN:63,(anonymous_4)
FN:77,(anonymous_5)
FNF:6
FNH:4
FNDA:1,(anonymous_0)
FNDA:1,(anonymous_1)
FNDA:1,(anonymous_2)
FNDA:0,(anonymous_3)
FNDA:0,(anonymous_4)
FNDA:1,(anonymous_5)
DA:1,2
DA:2,2
DA:3,2
DA:5,2
DA:8,2
DA:9,1
DA:10,1
DA:11,1
DA:13,0
DA:18,2
DA:19,1
DA:20,1
DA:21,1
DA:22,1
DA:26,0
DA:27,0
DA:32,0
DA:33,0
DA:34,0
DA:36,0
DA:41,2
DA:42,1
DA:43,1
DA:44,1
DA:45,1
DA:47,0
DA:49,0
DA:53,2
DA:54,0
DA:55,0
DA:56,0
DA:57,0
DA:59,0
DA:63,2
DA:64,0
DA:65,0
DA:68,0
DA:69,0
DA:71,0
DA:73,0
DA:77,2
DA:78,1
DA:79,1
DA:80,1
DA:81,1
DA:85,0
DA:86,0
DA:91,0
DA:92,0
DA:94,0
DA:98,2
LF:51
LH:26
BRDA:21,0,0,1
BRDA:21,0,1,0
BRDA:26,1,0,0
BRDA:26,1,1,0
BRDA:44,2,0,1
BRDA:44,2,1,0
BRDA:68,3,0,0
BRDA:68,3,1,0
BRDA:80,4,0,1
BRDA:80,4,1,0
BRDA:85,5,0,0
BRDA:85,5,1,0
BRF:12
BRH:3
end_of_record
